TN:
SF:app\index.ts
FNF:0
FNH:0
DA:1,1
DA:2,1
DA:3,1
DA:4,1
DA:5,1
DA:6,1
DA:7,1
DA:8,1
DA:9,1
DA:10,1
DA:11,1
DA:12,1
DA:13,1
DA:14,1
DA:15,1
DA:16,1
DA:17,1
DA:18,1
DA:19,1
DA:20,1
DA:21,1
DA:22,1
DA:23,1
DA:24,1
DA:25,1
DA:26,1
DA:27,1
DA:28,1
DA:29,1
DA:30,1
DA:31,1
DA:32,1
DA:33,1
DA:34,1
DA:35,1
DA:36,1
DA:37,1
LF:37
LH:37
BRF:0
BRH:0
end_of_record
TN:
SF:app\controllers\index.ts
FNF:0
FNH:0
DA:1,1
DA:2,1
DA:3,1
DA:4,1
DA:5,1
DA:6,1
DA:7,1
LF:7
LH:7
BRF:0
BRH:0
end_of_record
TN:
SF:app\controllers\api\cars\index.ts
FN:4,getCars
FN:14,addCar
FN:34,deleteCar
FN:50,updateCar
FNF:4
FNH:4
FNDA:1,getCars
FNDA:5,addCar
FNDA:3,deleteCar
FNDA:2,updateCar
DA:1,1
DA:2,1
DA:3,1
DA:4,1
DA:5,1
DA:6,1
DA:7,1
DA:8,1
DA:9,1
DA:10,0
DA:11,0
DA:12,1
DA:13,1
DA:14,5
DA:15,5
DA:16,0
DA:17,0
DA:18,5
DA:19,5
DA:20,5
DA:21,5
DA:22,5
DA:23,0
DA:24,0
DA:25,0
DA:26,0
DA:27,0
DA:28,0
DA:29,0
DA:30,0
DA:31,0
DA:32,5
DA:33,1
DA:34,3
DA:35,3
DA:36,3
DA:37,1
DA:38,1
DA:39,2
DA:40,2
DA:41,0
DA:42,0
DA:43,0
DA:44,3
DA:45,2
DA:46,2
DA:47,3
DA:48,3
DA:49,1
DA:50,2
DA:51,2
DA:52,2
DA:53,2
DA:54,2
DA:55,0
DA:56,0
DA:57,2
DA:58,2
DA:59,2
DA:60,2
DA:61,2
DA:62,0
DA:63,0
DA:64,0
DA:65,0
DA:66,0
DA:67,0
DA:68,0
DA:69,0
DA:70,0
DA:71,0
DA:72,0
DA:73,2
DA:74,1
DA:75,1
DA:76,1
DA:77,1
DA:78,1
DA:79,1
DA:80,1
DA:81,1
LF:81
LH:52
BRDA:4,0,0,1
BRDA:9,1,0,0
BRDA:14,2,0,5
BRDA:15,3,0,0
BRDA:23,4,0,0
BRDA:34,5,0,3
BRDA:36,6,0,1
BRDA:39,7,0,2
BRDA:41,8,0,0
BRDA:44,9,0,2
BRDA:50,10,0,2
BRDA:55,11,0,0
BRDA:62,12,0,0
BRF:13
BRH:7
end_of_record
TN:
SF:app\controllers\api\users\index.ts
FN:5,login
FNF:1
FNH:1
FNDA:3,login
DA:1,1
DA:2,1
DA:3,1
DA:4,1
DA:5,3
DA:6,3
DA:7,3
DA:8,3
DA:9,3
DA:10,3
DA:11,3
DA:12,1
DA:13,1
DA:14,1
DA:15,1
DA:16,1
DA:17,2
DA:18,2
DA:19,2
DA:20,3
DA:21,1
DA:22,1
DA:23,1
DA:24,1
DA:25,1
DA:26,1
DA:27,1
DA:28,1
DA:29,1
DA:30,1
DA:31,1
DA:32,1
DA:33,1
DA:34,1
DA:35,1
DA:36,1
DA:37,1
DA:38,1
DA:39,1
DA:40,1
DA:41,1
DA:42,1
DA:43,1
DA:44,1
DA:45,1
DA:46,1
DA:47,1
DA:48,1
DA:49,1
DA:50,1
LF:50
LH:50
BRDA:5,0,0,3
BRDA:11,1,0,1
BRDA:17,2,0,2
BRDA:20,3,0,1
BRF:4
BRH:4
end_of_record
TN:
SF:app\middleware\cloudinary.ts
FNF:0
FNH:0
DA:1,1
DA:2,1
DA:3,1
DA:4,1
DA:5,1
DA:6,1
DA:7,1
DA:8,1
DA:9,1
DA:10,1
DA:11,1
DA:12,1
DA:13,1
LF:13
LH:13
BRF:0
BRH:0
end_of_record
TN:
SF:app\middleware\multerMemory.ts
FNF:0
FNH:0
DA:1,1
DA:2,1
DA:3,1
DA:4,1
DA:5,1
LF:5
LH:5
BRF:0
BRH:0
end_of_record
TN:
SF:app\models\cars.ts
FN:24,get tableName
FNF:1
FNH:1
FNDA:35,get tableName
DA:1,1
DA:2,1
DA:3,1
DA:4,1
DA:5,1
DA:6,1
DA:7,1
DA:8,1
DA:9,1
DA:10,1
DA:11,1
DA:12,1
DA:13,1
DA:14,1
DA:15,1
DA:16,1
DA:17,1
DA:18,1
DA:19,1
DA:20,1
DA:21,1
DA:22,1
DA:23,1
DA:24,1
DA:25,35
DA:26,35
DA:27,1
DA:28,1
DA:29,1
LF:29
LH:29
BRDA:24,0,0,35
BRF:1
BRH:1
end_of_record
TN:
SF:app\models\users.ts
FN:17,get tableName
FNF:1
FNH:1
FNDA:9,get tableName
DA:1,1
DA:2,1
DA:3,1
DA:4,1
DA:5,1
DA:6,1
DA:7,1
DA:8,1
DA:9,1
DA:10,1
DA:11,1
DA:12,1
DA:13,1
DA:14,1
DA:15,1
DA:16,1
DA:17,1
DA:18,9
DA:19,9
DA:20,1
DA:21,1
DA:22,1
LF:22
LH:22
BRDA:17,0,0,9
BRF:1
BRH:1
end_of_record
TN:
SF:app\repositories\carsRepository.ts
FN:19,findAllCar
FN:31,find
FN:74,create
FN:84,delete
FN:87,findImage
FN:91,update
FNF:6
FNH:4
FNDA:0,findAllCar
FNDA:1,find
FNDA:5,create
FNDA:0,delete
FNDA:2,findImage
FNDA:2,update
DA:1,1
DA:2,1
DA:3,1
DA:4,1
DA:5,1
DA:6,1
DA:7,1
DA:8,1
DA:9,1
DA:10,1
DA:11,1
DA:12,1
DA:13,1
DA:14,1
DA:15,1
DA:16,1
DA:17,1
DA:18,1
DA:19,1
DA:20,0
DA:21,0
DA:22,0
DA:23,0
DA:24,0
DA:25,0
DA:26,0
DA:27,0
DA:28,0
DA:29,0
DA:30,0
DA:31,1
DA:32,1
DA:33,1
DA:34,1
DA:35,0
DA:36,0
DA:37,0
DA:38,0
DA:39,0
DA:40,0
DA:41,0
DA:42,1
DA:43,1
DA:44,0
DA:45,0
DA:46,1
DA:47,0
DA:48,0
DA:49,1
DA:50,1
DA:51,0
DA:52,0
DA:53,1
DA:54,1
DA:55,1
DA:56,1
DA:57,1
DA:58,1
DA:59,1
DA:60,0
DA:61,0
DA:62,0
DA:63,1
DA:64,1
DA:65,1
DA:66,1
DA:67,1
DA:68,1
DA:69,1
DA:70,1
DA:71,1
DA:72,1
DA:73,1
DA:74,1
DA:75,5
DA:76,0
DA:77,0
DA:78,5
DA:79,0
DA:80,0
DA:81,5
DA:82,5
DA:83,1
DA:84,1
DA:85,0
DA:86,0
DA:87,1
DA:88,2
DA:89,2
DA:90,2
DA:91,1
DA:92,2
DA:93,0
DA:94,0
DA:95,2
DA:96,0
DA:97,0
DA:98,2
DA:99,2
DA:100,2
DA:101,2
DA:102,2
DA:103,2
DA:104,1
DA:105,1
LF:105
LH:68
BRDA:31,0,0,1
BRDA:31,1,0,1
BRDA:34,2,0,0
BRDA:43,3,0,0
BRDA:46,4,0,0
BRDA:50,5,0,0
BRDA:50,6,0,0
BRDA:54,7,0,0
BRDA:55,8,0,0
BRDA:56,9,0,0
BRDA:57,10,0,0
BRDA:59,11,0,0
BRDA:74,12,0,5
BRDA:75,13,0,0
BRDA:75,14,0,0
BRDA:78,15,0,0
BRDA:78,16,0,0
BRDA:87,17,0,2
BRDA:91,18,0,2
BRDA:92,19,0,0
BRDA:92,20,0,0
BRDA:95,21,0,0
BRDA:95,22,0,0
BRF:23
BRH:5
end_of_record
TN:
SF:app\services\carService.ts
FN:24,list
FN:48,create
FN:53,delete
FN:57,update
FN:61,upload
FN:69,deleteImg
FNF:6
FNH:4
FNDA:1,list
FNDA:5,create
FNDA:0,delete
FNDA:2,update
FNDA:0,upload
FNDA:2,deleteImg
DA:1,1
DA:2,1
DA:3,1
DA:4,1
DA:5,1
DA:6,1
DA:7,1
DA:8,1
DA:9,1
DA:10,1
DA:11,1
DA:12,1
DA:13,1
DA:14,1
DA:15,1
DA:16,1
DA:17,1
DA:18,1
DA:19,1
DA:20,1
DA:21,1
DA:22,1
DA:23,1
DA:24,1
DA:25,1
DA:26,1
DA:27,1
DA:28,0
DA:29,1
DA:30,1
DA:31,1
DA:32,1
DA:33,1
DA:34,1
DA:35,1
DA:36,1
DA:37,1
DA:38,1
DA:39,1
DA:40,1
DA:41,1
DA:42,1
DA:43,1
DA:44,1
DA:45,1
DA:46,1
DA:47,1
DA:48,1
DA:49,5
DA:50,5
DA:51,5
DA:52,1
DA:53,1
DA:54,0
DA:55,0
DA:56,1
DA:57,1
DA:58,2
DA:59,2
DA:60,1
DA:61,1
DA:62,0
DA:63,0
DA:64,0
DA:65,0
DA:66,0
DA:67,0
DA:68,1
DA:69,1
DA:70,2
DA:71,2
DA:72,0
DA:73,0
DA:74,0
DA:75,0
DA:76,0
DA:77,2
DA:78,1
LF:78
LH:64
BRDA:24,0,0,1
BRDA:27,1,0,0
BRDA:33,2,0,0
BRDA:48,3,0,5
BRDA:57,4,0,2
BRDA:69,5,0,2
BRDA:71,6,0,0
BRDA:71,7,0,0
BRF:8
BRH:4
end_of_record
TN:
SF:app\utils\encrypt.ts
FN:7,encryptPassword
FN:13,checkPassword
FN:19,createToken
FNF:3
FNH:3
FNDA:1,encryptPassword
FNDA:4,checkPassword
FNDA:2,createToken
DA:1,1
DA:2,1
DA:3,1
DA:4,1
DA:5,1
DA:6,1
DA:7,1
DA:8,1
DA:9,1
DA:10,1
DA:11,1
DA:12,1
DA:13,4
DA:14,4
DA:15,4
DA:16,4
DA:17,4
DA:18,1
DA:19,2
DA:20,2
DA:21,2
LF:21
LH:21
BRDA:7,0,0,1
BRDA:13,1,0,4
BRDA:19,2,0,2
BRF:3
BRH:3
end_of_record
